# JRE version: OpenJDK Runtime Environment Corretto-17.0.9.8.1 (17.0.9+8) (build 17.0.9+8-LTS)
# Java VM: OpenJDK 64-Bit Server VM Corretto-17.0.9.8.1 (17.0.9+8-LTS, mixed mode, sharing, tiered, compressed oops, compressed class ptrs, g1 gc, windows-amd64)
GC Precious Log:
 CPUs: 16 total, 16 available
 Memory: 32493M
 Large Page Support: Disabled
 NUMA Support: Disabled
 Compressed Oops: Enabled (Zero based)
 Heap Region Size: 4M
 Heap Min Capacity: 8M
 Heap Initial Capacity: 508M
 Heap Max Capacity: 8124M
 Pre-touch: Disabled
 Parallel Workers: 13
 Concurrent Workers: 3
 Concurrent Refinement Workers: 13
 Periodic GC: Disabled
Heap:
 garbage-first heap   total 307200K, used 145371K [0x0000000604400000, 0x0000000800000000)
  region size 4096K, 28 young (114688K), 5 survivors (20480K)
 Metaspace       used 110794K, committed 111552K, reserved 1179648K
  class space    used 14745K, committed 15104K, reserved 1048576K
GC Heap History (20 events):
Event: 7.853 GC heap before
{Heap before GC invocations=28 (full 0):
 garbage-first heap   total 69632K, used 48646K [0x0000000604400000, 0x0000000800000000)
  region size 4096K, 5 young (20480K), 1 survivors (4096K)
 Metaspace       used 82506K, committed 83136K, reserved 1179648K
  class space    used 11035K, committed 11328K, reserved 1048576K
}
Event: 7.855 GC heap after
{Heap after GC invocations=29 (full 0):
 garbage-first heap   total 69632K, used 37577K [0x0000000604400000, 0x0000000800000000)
  region size 4096K, 1 young (4096K), 1 survivors (4096K)
 Metaspace       used 82506K, committed 83136K, reserved 1179648K
  class space    used 11035K, committed 11328K, reserved 1048576K
}
Event: 7.980 GC heap before
{Heap before GC invocations=30 (full 0):
 garbage-first heap   total 81920K, used 53961K [0x0000000604400000, 0x0000000800000000)
  region size 4096K, 5 young (20480K), 1 survivors (4096K)
 Metaspace       used 82929K, committed 83520K, reserved 1179648K
  class space    used 11080K, committed 11392K, reserved 1048576K
}
Event: 7.983 GC heap after
{Heap after GC invocations=31 (full 0):
 garbage-first heap   total 81920K, used 37973K [0x0000000604400000, 0x0000000800000000)
  region size 4096K, 1 young (4096K), 1 survivors (4096K)
 Metaspace       used 82929K, committed 83520K, reserved 1179648K
  class space    used 11080K, committed 11392K, reserved 1048576K
}
Event: 8.178 GC heap before
{Heap before GC invocations=31 (full 0):
 garbage-first heap   total 81920K, used 62549K [0x0000000604400000, 0x0000000800000000)
  region size 4096K, 7 young (28672K), 1 survivors (4096K)
 Metaspace       used 84294K, committed 84928K, reserved 1179648K
  class space    used 11418K, committed 11712K, reserved 1048576K
}
Event: 8.180 GC heap after
{Heap after GC invocations=32 (full 0):
 garbage-first heap   total 81920K, used 38966K [0x0000000604400000, 0x0000000800000000)
  region size 4096K, 1 young (4096K), 1 survivors (4096K)
 Metaspace       used 84294K, committed 84928K, reserved 1179648K
  class space    used 11418K, committed 11712K, reserved 1048576K
}
Event: 8.376 GC heap before
{Heap before GC invocations=32 (full 0):
 garbage-first heap   total 81920K, used 63542K [0x0000000604400000, 0x0000000800000000)
  region size 4096K, 7 young (28672K), 1 survivors (4096K)
 Metaspace       used 85728K, committed 86336K, reserved 1179648K
  class space    used 11598K, committed 11904K, reserved 1048576K
}
Event: 8.378 GC heap after
{Heap after GC invocations=33 (full 0):
 garbage-first heap   total 81920K, used 39631K [0x0000000604400000, 0x0000000800000000)
  region size 4096K, 1 young (4096K), 1 survivors (4096K)
 Metaspace       used 85728K, committed 86336K, reserved 1179648K
  class space    used 11598K, committed 11904K, reserved 1048576K
}
Event: 8.450 GC heap before
{Heap before GC invocations=33 (full 0):
 garbage-first heap   total 81920K, used 64207K [0x0000000604400000, 0x0000000800000000)
  region size 4096K, 7 young (28672K), 1 survivors (4096K)
 Metaspace       used 85854K, committed 86528K, reserved 1179648K
  class space    used 11623K, committed 11968K, reserved 1048576K
}
Event: 8.452 GC heap after
{Heap after GC invocations=34 (full 0):
 garbage-first heap   total 81920K, used 40329K [0x0000000604400000, 0x0000000800000000)
  region size 4096K, 1 young (4096K), 1 survivors (4096K)
 Metaspace       used 85854K, committed 86528K, reserved 1179648K
  class space    used 11623K, committed 11968K, reserved 1048576K
}
Event: 8.532 GC heap before
{Heap before GC invocations=35 (full 0):
 garbage-first heap   total 90112K, used 64905K [0x0000000604400000, 0x0000000800000000)
  region size 4096K, 7 young (28672K), 1 survivors (4096K)
 Metaspace       used 85937K, committed 86592K, reserved 1179648K
  class space    used 11642K, committed 11968K, reserved 1048576K
}
Event: 8.535 GC heap after
{Heap after GC invocations=36 (full 0):
 garbage-first heap   total 307200K, used 41596K [0x0000000604400000, 0x0000000800000000)
  region size 4096K, 1 young (4096K), 1 survivors (4096K)
 Metaspace       used 85937K, committed 86592K, reserved 1179648K
  class space    used 11642K, committed 11968K, reserved 1048576K
}
Event: 9.103 GC heap before
{Heap before GC invocations=36 (full 0):
 garbage-first heap   total 307200K, used 221820K [0x0000000604400000, 0x0000000800000000)
  region size 4096K, 45 young (184320K), 1 survivors (4096K)
 Metaspace       used 86406K, committed 87040K, reserved 1179648K
  class space    used 11696K, committed 11968K, reserved 1048576K
}
Event: 9.106 GC heap after
{Heap after GC invocations=37 (full 0):
 garbage-first heap   total 307200K, used 44256K [0x0000000604400000, 0x0000000800000000)
  region size 4096K, 2 young (8192K), 2 survivors (8192K)
 Metaspace       used 86406K, committed 87040K, reserved 1179648K
  class space    used 11696K, committed 11968K, reserved 1048576K
}
Event: 9.415 GC heap before
{Heap before GC invocations=37 (full 0):
 garbage-first heap   total 307200K, used 220384K [0x0000000604400000, 0x0000000800000000)
  region size 4096K, 45 young (184320K), 2 survivors (8192K)
 Metaspace       used 86411K, committed 87040K, reserved 1179648K
  class space    used 11696K, committed 11968K, reserved 1048576K
}
Event: 9.418 GC heap after
{Heap after GC invocations=38 (full 0):
 garbage-first heap   total 307200K, used 46076K [0x0000000604400000, 0x0000000800000000)
  region size 4096K, 2 young (8192K), 2 survivors (8192K)
 Metaspace       used 86411K, committed 87040K, reserved 1179648K
  class space    used 11696K, committed 11968K, reserved 1048576K
}
Event: 9.858 GC heap before
{Heap before GC invocations=38 (full 0):
 garbage-first heap   total 307200K, used 222204K [0x0000000604400000, 0x0000000800000000)
  region size 4096K, 45 young (184320K), 2 survivors (8192K)
 Metaspace       used 87441K, committed 88064K, reserved 1179648K
  class space    used 11805K, committed 12096K, reserved 1048576K
}
Event: 9.861 GC heap after
{Heap after GC invocations=39 (full 0):
 garbage-first heap   total 307200K, used 46062K [0x0000000604400000, 0x0000000800000000)
  region size 4096K, 2 young (8192K), 2 survivors (8192K)
 Metaspace       used 87441K, committed 88064K, reserved 1179648K
  class space    used 11805K, committed 12096K, reserved 1048576K
}
Event: 43.532 GC heap before
{Heap before GC invocations=39 (full 0):
 garbage-first heap   total 307200K, used 222190K [0x0000000604400000, 0x0000000800000000)
  region size 4096K, 45 young (184320K), 2 survivors (8192K)
 Metaspace       used 104836K, committed 105472K, reserved 1179648K
  class space    used 14161K, committed 14464K, reserved 1048576K
}
Event: 43.539 GC heap after
{Heap after GC invocations=40 (full 0):
 garbage-first heap   total 307200K, used 55259K [0x0000000604400000, 0x0000000800000000)
  region size 4096K, 5 young (20480K), 5 survivors (20480K)
 Metaspace       used 104836K, committed 105472K, reserved 1179648K
  class space    used 14161K, committed 14464K, reserved 1048576K
}

