# JRE version: OpenJDK Runtime Environment Corretto-17.0.9.8.1 (17.0.9+8) (build 17.0.9+8-LTS)
# Java VM: OpenJDK 64-Bit Server VM Corretto-17.0.9.8.1 (17.0.9+8-LTS, mixed mode, sharing, tiered, compressed oops, compressed class ptrs, g1 gc, windows-amd64)
GC Precious Log:
 CPUs: 16 total, 16 available
 Memory: 32493M
 Large Page Support: Disabled
 NUMA Support: Disabled
 Compressed Oops: Enabled (Zero based)
 Heap Region Size: 4M
 Heap Min Capacity: 8M
 Heap Initial Capacity: 508M
 Heap Max Capacity: 8124M
 Pre-touch: Disabled
 Parallel Workers: 13
 Concurrent Workers: 3
 Concurrent Refinement Workers: 13
 Periodic GC: Disabled
Heap:
 garbage-first heap   total 344064K, used 208532K [0x0000000604400000, 0x0000000800000000)
  region size 4096K, 26 young (106496K), 1 survivors (4096K)
 Metaspace       used 91783K, committed 92352K, reserved 1179648K
  class space    used 12390K, committed 12672K, reserved 1048576K
GC Heap History (20 events):
Event: 10.196 GC heap before
{Heap before GC invocations=19 (full 0):
 garbage-first heap   total 139264K, used 105930K [0x0000000604400000, 0x0000000800000000)
  region size 4096K, 18 young (73728K), 2 survivors (8192K)
 Metaspace       used 86521K, committed 87104K, reserved 1179648K
  class space    used 11647K, committed 11904K, reserved 1048576K
}
Event: 10.200 GC heap after
{Heap after GC invocations=20 (full 0):
 garbage-first heap   total 139264K, used 46521K [0x0000000604400000, 0x0000000800000000)
  region size 4096K, 3 young (12288K), 3 survivors (12288K)
 Metaspace       used 86521K, committed 87104K, reserved 1179648K
  class space    used 11647K, committed 11904K, reserved 1048576K
}
Event: 10.295 GC heap before
{Heap before GC invocations=20 (full 0):
 garbage-first heap   total 139264K, used 95673K [0x0000000604400000, 0x0000000800000000)
  region size 4096K, 15 young (61440K), 3 survivors (12288K)
 Metaspace       used 86630K, committed 87232K, reserved 1179648K
  class space    used 11659K, committed 11968K, reserved 1048576K
}
Event: 10.297 GC heap after
{Heap after GC invocations=21 (full 0):
 garbage-first heap   total 139264K, used 42643K [0x0000000604400000, 0x0000000800000000)
  region size 4096K, 1 young (4096K), 1 survivors (4096K)
 Metaspace       used 86630K, committed 87232K, reserved 1179648K
  class space    used 11659K, committed 11968K, reserved 1048576K
}
Event: 10.572 GC heap before
{Heap before GC invocations=21 (full 0):
 garbage-first heap   total 139264K, used 104083K [0x0000000604400000, 0x0000000800000000)
  region size 4096K, 16 young (65536K), 1 survivors (4096K)
 Metaspace       used 87163K, committed 87744K, reserved 1179648K
  class space    used 11723K, committed 12032K, reserved 1048576K
}
Event: 10.574 GC heap after
{Heap after GC invocations=22 (full 0):
 garbage-first heap   total 172032K, used 46613K [0x0000000604400000, 0x0000000800000000)
  region size 4096K, 2 young (8192K), 2 survivors (8192K)
 Metaspace       used 87163K, committed 87744K, reserved 1179648K
  class space    used 11723K, committed 12032K, reserved 1048576K
}
Event: 10.696 GC heap before
{Heap before GC invocations=22 (full 0):
 garbage-first heap   total 172032K, used 128533K [0x0000000604400000, 0x0000000800000000)
  region size 4096K, 22 young (90112K), 2 survivors (8192K)
 Metaspace       used 87192K, committed 87808K, reserved 1179648K
  class space    used 11733K, committed 12032K, reserved 1048576K
}
Event: 10.700 GC heap after
{Heap after GC invocations=23 (full 0):
 garbage-first heap   total 172032K, used 53501K [0x0000000604400000, 0x0000000800000000)
  region size 4096K, 3 young (12288K), 3 survivors (12288K)
 Metaspace       used 87192K, committed 87808K, reserved 1179648K
  class space    used 11733K, committed 12032K, reserved 1048576K
}
Event: 10.788 GC heap before
{Heap before GC invocations=23 (full 0):
 garbage-first heap   total 172032K, used 127229K [0x0000000604400000, 0x0000000800000000)
  region size 4096K, 21 young (86016K), 3 survivors (12288K)
 Metaspace       used 87194K, committed 87808K, reserved 1179648K
  class space    used 11733K, committed 12032K, reserved 1048576K
}
Event: 10.797 GC heap after
{Heap after GC invocations=24 (full 0):
 garbage-first heap   total 172032K, used 71694K [0x0000000604400000, 0x0000000800000000)
  region size 4096K, 3 young (12288K), 3 survivors (12288K)
 Metaspace       used 87194K, committed 87808K, reserved 1179648K
  class space    used 11733K, committed 12032K, reserved 1048576K
}
Event: 10.862 GC heap before
{Heap before GC invocations=24 (full 0):
 garbage-first heap   total 172032K, used 120846K [0x0000000604400000, 0x0000000800000000)
  region size 4096K, 15 young (61440K), 3 survivors (12288K)
 Metaspace       used 87194K, committed 87808K, reserved 1179648K
  class space    used 11733K, committed 12032K, reserved 1048576K
}
Event: 10.871 GC heap after
{Heap after GC invocations=25 (full 0):
 garbage-first heap   total 172032K, used 91929K [0x0000000604400000, 0x0000000800000000)
  region size 4096K, 2 young (8192K), 2 survivors (8192K)
 Metaspace       used 87194K, committed 87808K, reserved 1179648K
  class space    used 11733K, committed 12032K, reserved 1048576K
}
Event: 10.905 GC heap before
{Heap before GC invocations=25 (full 0):
 garbage-first heap   total 172032K, used 120601K [0x0000000604400000, 0x0000000800000000)
  region size 4096K, 9 young (36864K), 2 survivors (8192K)
 Metaspace       used 87194K, committed 87808K, reserved 1179648K
  class space    used 11733K, committed 12032K, reserved 1048576K
}
Event: 10.912 GC heap after
{Heap after GC invocations=26 (full 0):
 garbage-first heap   total 172032K, used 105873K [0x0000000604400000, 0x0000000800000000)
  region size 4096K, 2 young (8192K), 2 survivors (8192K)
 Metaspace       used 87194K, committed 87808K, reserved 1179648K
  class space    used 11733K, committed 12032K, reserved 1048576K
}
Event: 10.927 GC heap before
{Heap before GC invocations=26 (full 0):
 garbage-first heap   total 172032K, used 122257K [0x0000000604400000, 0x0000000800000000)
  region size 4096K, 6 young (24576K), 2 survivors (8192K)
 Metaspace       used 87194K, committed 87808K, reserved 1179648K
  class space    used 11733K, committed 12032K, reserved 1048576K
}
Event: 10.932 GC heap after
{Heap after GC invocations=27 (full 0):
 garbage-first heap   total 344064K, used 113277K [0x0000000604400000, 0x0000000800000000)
  region size 4096K, 1 young (4096K), 1 survivors (4096K)
 Metaspace       used 87194K, committed 87808K, reserved 1179648K
  class space    used 11733K, committed 12032K, reserved 1048576K
}
Event: 11.155 GC heap before
{Heap before GC invocations=28 (full 0):
 garbage-first heap   total 344064K, used 215677K [0x0000000604400000, 0x0000000800000000)
  region size 4096K, 26 young (106496K), 1 survivors (4096K)
 Metaspace       used 87336K, committed 87936K, reserved 1179648K
  class space    used 11759K, committed 12096K, reserved 1048576K
}
Event: 11.160 GC heap after
{Heap after GC invocations=29 (full 0):
 garbage-first heap   total 344064K, used 120189K [0x0000000604400000, 0x0000000800000000)
  region size 4096K, 3 young (12288K), 3 survivors (12288K)
 Metaspace       used 87336K, committed 87936K, reserved 1179648K
  class space    used 11759K, committed 12096K, reserved 1048576K
}
Event: 11.165 GC heap before
{Heap before GC invocations=29 (full 0):
 garbage-first heap   total 344064K, used 124285K [0x0000000604400000, 0x0000000800000000)
  region size 4096K, 4 young (16384K), 3 survivors (12288K)
 Metaspace       used 87336K, committed 87936K, reserved 1179648K
  class space    used 11759K, committed 12096K, reserved 1048576K
}
Event: 11.169 GC heap after
{Heap after GC invocations=30 (full 0):
 garbage-first heap   total 344064K, used 114324K [0x0000000604400000, 0x0000000800000000)
  region size 4096K, 1 young (4096K), 1 survivors (4096K)
 Metaspace       used 87336K, committed 87936K, reserved 1179648K
  class space    used 11759K, committed 12096K, reserved 1048576K
}

