# JRE version: OpenJDK Runtime Environment Corretto-17.0.9.8.1 (17.0.9+8) (build 17.0.9+8-LTS)
# Java VM: OpenJDK 64-Bit Server VM Corretto-17.0.9.8.1 (17.0.9+8-LTS, mixed mode, sharing, tiered, compressed oops, compressed class ptrs, g1 gc, windows-amd64)
GC Precious Log:
 CPUs: 16 total, 16 available
 Memory: 32493M
 Large Page Support: Disabled
 NUMA Support: Disabled
 Compressed Oops: Enabled (Zero based)
 Heap Region Size: 4M
 Heap Min Capacity: 8M
 Heap Initial Capacity: 508M
 Heap Max Capacity: 8124M
 Pre-touch: Disabled
 Parallel Workers: 13
 Concurrent Workers: 3
 Concurrent Refinement Workers: 13
 Periodic GC: Disabled
Heap:
 garbage-first heap   total 294912K, used 159673K [0x0000000604400000, 0x0000000800000000)
  region size 4096K, 33 young (135168K), 3 survivors (12288K)
 Metaspace       used 86611K, committed 87296K, reserved 1179648K
  class space    used 11700K, committed 12032K, reserved 1048576K
GC Heap History (20 events):
Event: 4.932 GC heap before
{Heap before GC invocations=15 (full 0):
 garbage-first heap   total 69632K, used 48259K [0x0000000604400000, 0x0000000800000000)
  region size 4096K, 6 young (24576K), 1 survivors (4096K)
 Metaspace       used 55768K, committed 56256K, reserved 1114112K
  class space    used 7139K, committed 7360K, reserved 1048576K
}
Event: 4.935 GC heap after
{Heap after GC invocations=16 (full 0):
 garbage-first heap   total 69632K, used 29556K [0x0000000604400000, 0x0000000800000000)
  region size 4096K, 1 young (4096K), 1 survivors (4096K)
 Metaspace       used 55768K, committed 56256K, reserved 1114112K
  class space    used 7139K, committed 7360K, reserved 1048576K
}
Event: 5.173 GC heap before
{Heap before GC invocations=16 (full 0):
 garbage-first heap   total 69632K, used 50036K [0x0000000604400000, 0x0000000800000000)
  region size 4096K, 6 young (24576K), 1 survivors (4096K)
 Metaspace       used 59641K, committed 60096K, reserved 1114112K
  class space    used 7654K, committed 7872K, reserved 1048576K
}
Event: 5.175 GC heap after
{Heap after GC invocations=17 (full 0):
 garbage-first heap   total 69632K, used 30411K [0x0000000604400000, 0x0000000800000000)
  region size 4096K, 1 young (4096K), 1 survivors (4096K)
 Metaspace       used 59641K, committed 60096K, reserved 1114112K
  class space    used 7654K, committed 7872K, reserved 1048576K
}
Event: 5.193 GC heap before
{Heap before GC invocations=17 (full 0):
 garbage-first heap   total 69632K, used 30411K [0x0000000604400000, 0x0000000800000000)
  region size 4096K, 2 young (8192K), 1 survivors (4096K)
 Metaspace       used 59935K, committed 60416K, reserved 1114112K
  class space    used 7690K, committed 7936K, reserved 1048576K
}
Event: 5.194 GC heap after
{Heap after GC invocations=18 (full 0):
 garbage-first heap   total 69632K, used 30684K [0x0000000604400000, 0x0000000800000000)
  region size 4096K, 1 young (4096K), 1 survivors (4096K)
 Metaspace       used 59935K, committed 60416K, reserved 1114112K
  class space    used 7690K, committed 7936K, reserved 1048576K
}
Event: 5.575 GC heap before
{Heap before GC invocations=19 (full 0):
 garbage-first heap   total 69632K, used 51164K [0x0000000604400000, 0x0000000800000000)
  region size 4096K, 6 young (24576K), 1 survivors (4096K)
 Metaspace       used 62518K, committed 63040K, reserved 1114112K
  class space    used 8021K, committed 8256K, reserved 1048576K
}
Event: 5.576 GC heap after
{Heap after GC invocations=20 (full 0):
 garbage-first heap   total 69632K, used 31828K [0x0000000604400000, 0x0000000800000000)
  region size 4096K, 1 young (4096K), 1 survivors (4096K)
 Metaspace       used 62518K, committed 63040K, reserved 1114112K
  class space    used 8021K, committed 8256K, reserved 1048576K
}
Event: 5.627 GC heap before
{Heap before GC invocations=20 (full 0):
 garbage-first heap   total 69632K, used 31828K [0x0000000604400000, 0x0000000800000000)
  region size 4096K, 2 young (8192K), 1 survivors (4096K)
 Metaspace       used 63101K, committed 63552K, reserved 1114112K
  class space    used 8059K, committed 8256K, reserved 1048576K
}
Event: 5.630 GC heap after
{Heap after GC invocations=21 (full 0):
 garbage-first heap   total 69632K, used 31176K [0x0000000604400000, 0x0000000800000000)
  region size 4096K, 1 young (4096K), 1 survivors (4096K)
 Metaspace       used 63101K, committed 63552K, reserved 1114112K
  class space    used 8059K, committed 8256K, reserved 1048576K
}
Event: 5.853 GC heap before
{Heap before GC invocations=21 (full 0):
 garbage-first heap   total 69632K, used 51656K [0x0000000604400000, 0x0000000800000000)
  region size 4096K, 6 young (24576K), 1 survivors (4096K)
 Metaspace       used 67957K, committed 68480K, reserved 1114112K
  class space    used 8867K, committed 9088K, reserved 1048576K
}
Event: 5.855 GC heap after
{Heap after GC invocations=22 (full 0):
 garbage-first heap   total 69632K, used 31685K [0x0000000604400000, 0x0000000800000000)
  region size 4096K, 1 young (4096K), 1 survivors (4096K)
 Metaspace       used 67957K, committed 68480K, reserved 1114112K
  class space    used 8867K, committed 9088K, reserved 1048576K
}
Event: 6.042 GC heap before
{Heap before GC invocations=23 (full 0):
 garbage-first heap   total 69632K, used 52165K [0x0000000604400000, 0x0000000800000000)
  region size 4096K, 6 young (24576K), 1 survivors (4096K)
 Metaspace       used 69519K, committed 70016K, reserved 1114112K
  class space    used 9107K, committed 9344K, reserved 1048576K
}
Event: 6.043 GC heap after
{Heap after GC invocations=24 (full 0):
 garbage-first heap   total 69632K, used 32144K [0x0000000604400000, 0x0000000800000000)
  region size 4096K, 1 young (4096K), 1 survivors (4096K)
 Metaspace       used 69519K, committed 70016K, reserved 1114112K
  class space    used 9107K, committed 9344K, reserved 1048576K
}
Event: 6.288 GC heap before
{Heap before GC invocations=24 (full 0):
 garbage-first heap   total 69632K, used 52624K [0x0000000604400000, 0x0000000800000000)
  region size 4096K, 6 young (24576K), 1 survivors (4096K)
 Metaspace       used 73361K, committed 73920K, reserved 1114112K
  class space    used 9676K, committed 9920K, reserved 1048576K
}
Event: 6.291 GC heap after
{Heap after GC invocations=25 (full 0):
 garbage-first heap   total 69632K, used 33096K [0x0000000604400000, 0x0000000800000000)
  region size 4096K, 1 young (4096K), 1 survivors (4096K)
 Metaspace       used 73361K, committed 73920K, reserved 1114112K
  class space    used 9676K, committed 9920K, reserved 1048576K
}
Event: 6.646 GC heap before
{Heap before GC invocations=26 (full 0):
 garbage-first heap   total 69632K, used 53576K [0x0000000604400000, 0x0000000800000000)
  region size 4096K, 6 young (24576K), 1 survivors (4096K)
 Metaspace       used 76996K, committed 77568K, reserved 1179648K
  class space    used 10129K, committed 10368K, reserved 1048576K
}
Event: 6.649 GC heap after
{Heap after GC invocations=27 (full 0):
 garbage-first heap   total 294912K, used 34692K [0x0000000604400000, 0x0000000800000000)
  region size 4096K, 1 young (4096K), 1 survivors (4096K)
 Metaspace       used 76996K, committed 77568K, reserved 1179648K
  class space    used 10129K, committed 10368K, reserved 1048576K
}
Event: 7.747 GC heap before
{Heap before GC invocations=27 (full 0):
 garbage-first heap   total 294912K, used 206724K [0x0000000604400000, 0x0000000800000000)
  region size 4096K, 43 young (176128K), 1 survivors (4096K)
 Metaspace       used 86070K, committed 86720K, reserved 1179648K
  class space    used 11634K, committed 11968K, reserved 1048576K
}
Event: 7.752 GC heap after
{Heap after GC invocations=28 (full 0):
 garbage-first heap   total 294912K, used 40889K [0x0000000604400000, 0x0000000800000000)
  region size 4096K, 3 young (12288K), 3 survivors (12288K)
 Metaspace       used 86070K, committed 86720K, reserved 1179648K
  class space    used 11634K, committed 11968K, reserved 1048576K
}

